<?xml version="1.0" encoding="UTF-8"?>
<testsuite name="Tests.Tests" tests="1" skipped="0" failures="0" errors="0" timestamp="2025-03-03T08:58:04" hostname="DESKTOP-8RLLAOV" time="35.528">
  <properties/>
  <testcase name="positiveReg()" classname="Tests.Tests" time="35.528"/>
  <system-out><![CDATA[]]></system-out>
  <system-err><![CDATA[]]></system-err>
</testsuite>
